[2025-02-07 13:27:00] local.ERROR: could not find driver (Connection: sqlite, SQL: select exists (select 1 from sqlite_master where name = 'migrations' and type = 'table') as "exists") {"exception":"[object] (Illuminate\\Database\\QueryException(code: 0): could not find driver (Connection: sqlite, SQL: select exists (select 1 from sqlite_master where name = 'migrations' and type = 'table') as \"exists\") at C:\\Users\\33772\\Documents\\Projet_PHP\\Back-end\\Voughtplus\\vendor\\laravel\\framework\\src\\Illuminate\\Database\\Connection.php:825)
[stacktrace]
#0 C:\\Users\\33772\\Documents\\Projet_PHP\\Back-end\\Voughtplus\\vendor\\laravel\\framework\\src\\Illuminate\\Database\\Connection.php(779): Illuminate\\Database\\Connection->runQueryCallback()
#1 C:\\Users\\33772\\Documents\\Projet_PHP\\Back-end\\Voughtplus\\vendor\\laravel\\framework\\src\\Illuminate\\Database\\Connection.php(398): Illuminate\\Database\\Connection->run()
#2 C:\\Users\\33772\\Documents\\Projet_PHP\\Back-end\\Voughtplus\\vendor\\laravel\\framework\\src\\Illuminate\\Database\\Connection.php(344): Illuminate\\Database\\Connection->select()
#3 C:\\Users\\33772\\Documents\\Projet_PHP\\Back-end\\Voughtplus\\vendor\\laravel\\framework\\src\\Illuminate\\Database\\Connection.php(361): Illuminate\\Database\\Connection->selectOne()
#4 C:\\Users\\33772\\Documents\\Projet_PHP\\Back-end\\Voughtplus\\vendor\\laravel\\framework\\src\\Illuminate\\Database\\Schema\\SQLiteBuilder.php(44): Illuminate\\Database\\Connection->scalar()
#5 C:\\Users\\33772\\Documents\\Projet_PHP\\Back-end\\Voughtplus\\vendor\\laravel\\framework\\src\\Illuminate\\Database\\Migrations\\DatabaseMigrationRepository.php(184): Illuminate\\Database\\Schema\\SQLiteBuilder->hasTable()
#6 C:\\Users\\33772\\Documents\\Projet_PHP\\Back-end\\Voughtplus\\vendor\\laravel\\framework\\src\\Illuminate\\Database\\Migrations\\Migrator.php(708): Illuminate\\Database\\Migrations\\DatabaseMigrationRepository->repositoryExists()
#7 C:\\Users\\33772\\Documents\\Projet_PHP\\Back-end\\Voughtplus\\vendor\\laravel\\framework\\src\\Illuminate\\Database\\Console\\Migrations\\MigrateCommand.php(165): Illuminate\\Database\\Migrations\\Migrator->repositoryExists()
#8 C:\\Users\\33772\\Documents\\Projet_PHP\\Back-end\\Voughtplus\\vendor\\laravel\\framework\\src\\Illuminate\\Support\\helpers.php(338): Illuminate\\Database\\Console\\Migrations\\MigrateCommand->{closure:Illuminate\\Database\\Console\\Migrations\\MigrateCommand::repositoryExists():165}()
#9 C:\\Users\\33772\\Documents\\Projet_PHP\\Back-end\\Voughtplus\\vendor\\laravel\\framework\\src\\Illuminate\\Database\\Console\\Migrations\\MigrateCommand.php(165): retry()
#10 C:\\Users\\33772\\Documents\\Projet_PHP\\Back-end\\Voughtplus\\vendor\\laravel\\framework\\src\\Illuminate\\Database\\Console\\Migrations\\MigrateCommand.php(141): Illuminate\\Database\\Console\\Migrations\\MigrateCommand->repositoryExists()
#11 C:\\Users\\33772\\Documents\\Projet_PHP\\Back-end\\Voughtplus\\vendor\\laravel\\framework\\src\\Illuminate\\Database\\Console\\Migrations\\MigrateCommand.php(111): Illuminate\\Database\\Console\\Migrations\\MigrateCommand->prepareDatabase()
#12 C:\\Users\\33772\\Documents\\Projet_PHP\\Back-end\\Voughtplus\\vendor\\laravel\\framework\\src\\Illuminate\\Database\\Migrations\\Migrator.php(624): Illuminate\\Database\\Console\\Migrations\\MigrateCommand->{closure:Illuminate\\Database\\Console\\Migrations\\MigrateCommand::runMigrations():110}()
#13 C:\\Users\\33772\\Documents\\Projet_PHP\\Back-end\\Voughtplus\\vendor\\laravel\\framework\\src\\Illuminate\\Database\\Console\\Migrations\\MigrateCommand.php(110): Illuminate\\Database\\Migrations\\Migrator->usingConnection()
#14 C:\\Users\\33772\\Documents\\Projet_PHP\\Back-end\\Voughtplus\\vendor\\laravel\\framework\\src\\Illuminate\\Database\\Console\\Migrations\\MigrateCommand.php(89): Illuminate\\Database\\Console\\Migrations\\MigrateCommand->runMigrations()
#15 C:\\Users\\33772\\Documents\\Projet_PHP\\Back-end\\Voughtplus\\vendor\\laravel\\framework\\src\\Illuminate\\Container\\BoundMethod.php(36): Illuminate\\Database\\Console\\Migrations\\MigrateCommand->handle()
#16 C:\\Users\\33772\\Documents\\Projet_PHP\\Back-end\\Voughtplus\\vendor\\laravel\\framework\\src\\Illuminate\\Container\\Util.php(43): Illuminate\\Container\\BoundMethod::{closure:Illuminate\\Container\\BoundMethod::call():35}()
#17 C:\\Users\\33772\\Documents\\Projet_PHP\\Back-end\\Voughtplus\\vendor\\laravel\\framework\\src\\Illuminate\\Container\\BoundMethod.php(95): Illuminate\\Container\\Util::unwrapIfClosure()
#18 C:\\Users\\33772\\Documents\\Projet_PHP\\Back-end\\Voughtplus\\vendor\\laravel\\framework\\src\\Illuminate\\Container\\BoundMethod.php(35): Illuminate\\Container\\BoundMethod::callBoundMethod()
#19 C:\\Users\\33772\\Documents\\Projet_PHP\\Back-end\\Voughtplus\\vendor\\laravel\\framework\\src\\Illuminate\\Container\\Container.php(694): Illuminate\\Container\\BoundMethod::call()
#20 C:\\Users\\33772\\Documents\\Projet_PHP\\Back-end\\Voughtplus\\vendor\\laravel\\framework\\src\\Illuminate\\Console\\Command.php(213): Illuminate\\Container\\Container->call()
#21 C:\\Users\\33772\\Documents\\Projet_PHP\\Back-end\\Voughtplus\\vendor\\symfony\\console\\Command\\Command.php(279): Illuminate\\Console\\Command->execute()
#22 C:\\Users\\33772\\Documents\\Projet_PHP\\Back-end\\Voughtplus\\vendor\\laravel\\framework\\src\\Illuminate\\Console\\Command.php(182): Symfony\\Component\\Console\\Command\\Command->run()
#23 C:\\Users\\33772\\Documents\\Projet_PHP\\Back-end\\Voughtplus\\vendor\\symfony\\console\\Application.php(1094): Illuminate\\Console\\Command->run()
#24 C:\\Users\\33772\\Documents\\Projet_PHP\\Back-end\\Voughtplus\\vendor\\symfony\\console\\Application.php(342): Symfony\\Component\\Console\\Application->doRunCommand()
#25 C:\\Users\\33772\\Documents\\Projet_PHP\\Back-end\\Voughtplus\\vendor\\symfony\\console\\Application.php(193): Symfony\\Component\\Console\\Application->doRun()
#26 C:\\Users\\33772\\Documents\\Projet_PHP\\Back-end\\Voughtplus\\vendor\\laravel\\framework\\src\\Illuminate\\Foundation\\Console\\Kernel.php(198): Symfony\\Component\\Console\\Application->run()
#27 C:\\Users\\33772\\Documents\\Projet_PHP\\Back-end\\Voughtplus\\vendor\\laravel\\framework\\src\\Illuminate\\Foundation\\Application.php(1231): Illuminate\\Foundation\\Console\\Kernel->handle()
#28 C:\\Users\\33772\\Documents\\Projet_PHP\\Back-end\\Voughtplus\\artisan(13): Illuminate\\Foundation\\Application->handleCommand()
#29 {main}

[previous exception] [object] (PDOException(code: 0): could not find driver at C:\\Users\\33772\\Documents\\Projet_PHP\\Back-end\\Voughtplus\\vendor\\laravel\\framework\\src\\Illuminate\\Database\\Connectors\\Connector.php:67)
[stacktrace]
#0 C:\\Users\\33772\\Documents\\Projet_PHP\\Back-end\\Voughtplus\\vendor\\laravel\\framework\\src\\Illuminate\\Database\\Connectors\\Connector.php(67): PDO::connect()
#1 C:\\Users\\33772\\Documents\\Projet_PHP\\Back-end\\Voughtplus\\vendor\\laravel\\framework\\src\\Illuminate\\Database\\Connectors\\Connector.php(44): Illuminate\\Database\\Connectors\\Connector->createPdoConnection()
#2 C:\\Users\\33772\\Documents\\Projet_PHP\\Back-end\\Voughtplus\\vendor\\laravel\\framework\\src\\Illuminate\\Database\\Connectors\\SQLiteConnector.php(40): Illuminate\\Database\\Connectors\\Connector->createConnection()
#3 C:\\Users\\33772\\Documents\\Projet_PHP\\Back-end\\Voughtplus\\vendor\\laravel\\framework\\src\\Illuminate\\Database\\Connectors\\ConnectionFactory.php(224): Illuminate\\Database\\Connectors\\SQLiteConnector->connect()
#4 [internal function]: Illuminate\\Database\\Connectors\\ConnectionFactory->{closure:Illuminate\\Database\\Connectors\\ConnectionFactory::createPdoResolverWithoutHosts():224}()
#5 C:\\Users\\33772\\Documents\\Projet_PHP\\Back-end\\Voughtplus\\vendor\\laravel\\framework\\src\\Illuminate\\Database\\Connection.php(1231): call_user_func()
#6 C:\\Users\\33772\\Documents\\Projet_PHP\\Back-end\\Voughtplus\\vendor\\laravel\\framework\\src\\Illuminate\\Database\\Connection.php(1267): Illuminate\\Database\\Connection->getPdo()
#7 C:\\Users\\33772\\Documents\\Projet_PHP\\Back-end\\Voughtplus\\vendor\\laravel\\framework\\src\\Illuminate\\Database\\Connection.php(512): Illuminate\\Database\\Connection->getReadPdo()
#8 C:\\Users\\33772\\Documents\\Projet_PHP\\Back-end\\Voughtplus\\vendor\\laravel\\framework\\src\\Illuminate\\Database\\Connection.php(407): Illuminate\\Database\\Connection->getPdoForSelect()
#9 C:\\Users\\33772\\Documents\\Projet_PHP\\Back-end\\Voughtplus\\vendor\\laravel\\framework\\src\\Illuminate\\Database\\Connection.php(812): Illuminate\\Database\\Connection->{closure:Illuminate\\Database\\Connection::select():398}()
#10 C:\\Users\\33772\\Documents\\Projet_PHP\\Back-end\\Voughtplus\\vendor\\laravel\\framework\\src\\Illuminate\\Database\\Connection.php(779): Illuminate\\Database\\Connection->runQueryCallback()
#11 C:\\Users\\33772\\Documents\\Projet_PHP\\Back-end\\Voughtplus\\vendor\\laravel\\framework\\src\\Illuminate\\Database\\Connection.php(398): Illuminate\\Database\\Connection->run()
#12 C:\\Users\\33772\\Documents\\Projet_PHP\\Back-end\\Voughtplus\\vendor\\laravel\\framework\\src\\Illuminate\\Database\\Connection.php(344): Illuminate\\Database\\Connection->select()
#13 C:\\Users\\33772\\Documents\\Projet_PHP\\Back-end\\Voughtplus\\vendor\\laravel\\framework\\src\\Illuminate\\Database\\Connection.php(361): Illuminate\\Database\\Connection->selectOne()
#14 C:\\Users\\33772\\Documents\\Projet_PHP\\Back-end\\Voughtplus\\vendor\\laravel\\framework\\src\\Illuminate\\Database\\Schema\\SQLiteBuilder.php(44): Illuminate\\Database\\Connection->scalar()
#15 C:\\Users\\33772\\Documents\\Projet_PHP\\Back-end\\Voughtplus\\vendor\\laravel\\framework\\src\\Illuminate\\Database\\Migrations\\DatabaseMigrationRepository.php(184): Illuminate\\Database\\Schema\\SQLiteBuilder->hasTable()
#16 C:\\Users\\33772\\Documents\\Projet_PHP\\Back-end\\Voughtplus\\vendor\\laravel\\framework\\src\\Illuminate\\Database\\Migrations\\Migrator.php(708): Illuminate\\Database\\Migrations\\DatabaseMigrationRepository->repositoryExists()
#17 C:\\Users\\33772\\Documents\\Projet_PHP\\Back-end\\Voughtplus\\vendor\\laravel\\framework\\src\\Illuminate\\Database\\Console\\Migrations\\MigrateCommand.php(165): Illuminate\\Database\\Migrations\\Migrator->repositoryExists()
#18 C:\\Users\\33772\\Documents\\Projet_PHP\\Back-end\\Voughtplus\\vendor\\laravel\\framework\\src\\Illuminate\\Support\\helpers.php(338): Illuminate\\Database\\Console\\Migrations\\MigrateCommand->{closure:Illuminate\\Database\\Console\\Migrations\\MigrateCommand::repositoryExists():165}()
#19 C:\\Users\\33772\\Documents\\Projet_PHP\\Back-end\\Voughtplus\\vendor\\laravel\\framework\\src\\Illuminate\\Database\\Console\\Migrations\\MigrateCommand.php(165): retry()
#20 C:\\Users\\33772\\Documents\\Projet_PHP\\Back-end\\Voughtplus\\vendor\\laravel\\framework\\src\\Illuminate\\Database\\Console\\Migrations\\MigrateCommand.php(141): Illuminate\\Database\\Console\\Migrations\\MigrateCommand->repositoryExists()
#21 C:\\Users\\33772\\Documents\\Projet_PHP\\Back-end\\Voughtplus\\vendor\\laravel\\framework\\src\\Illuminate\\Database\\Console\\Migrations\\MigrateCommand.php(111): Illuminate\\Database\\Console\\Migrations\\MigrateCommand->prepareDatabase()
#22 C:\\Users\\33772\\Documents\\Projet_PHP\\Back-end\\Voughtplus\\vendor\\laravel\\framework\\src\\Illuminate\\Database\\Migrations\\Migrator.php(624): Illuminate\\Database\\Console\\Migrations\\MigrateCommand->{closure:Illuminate\\Database\\Console\\Migrations\\MigrateCommand::runMigrations():110}()
#23 C:\\Users\\33772\\Documents\\Projet_PHP\\Back-end\\Voughtplus\\vendor\\laravel\\framework\\src\\Illuminate\\Database\\Console\\Migrations\\MigrateCommand.php(110): Illuminate\\Database\\Migrations\\Migrator->usingConnection()
#24 C:\\Users\\33772\\Documents\\Projet_PHP\\Back-end\\Voughtplus\\vendor\\laravel\\framework\\src\\Illuminate\\Database\\Console\\Migrations\\MigrateCommand.php(89): Illuminate\\Database\\Console\\Migrations\\MigrateCommand->runMigrations()
#25 C:\\Users\\33772\\Documents\\Projet_PHP\\Back-end\\Voughtplus\\vendor\\laravel\\framework\\src\\Illuminate\\Container\\BoundMethod.php(36): Illuminate\\Database\\Console\\Migrations\\MigrateCommand->handle()
#26 C:\\Users\\33772\\Documents\\Projet_PHP\\Back-end\\Voughtplus\\vendor\\laravel\\framework\\src\\Illuminate\\Container\\Util.php(43): Illuminate\\Container\\BoundMethod::{closure:Illuminate\\Container\\BoundMethod::call():35}()
#27 C:\\Users\\33772\\Documents\\Projet_PHP\\Back-end\\Voughtplus\\vendor\\laravel\\framework\\src\\Illuminate\\Container\\BoundMethod.php(95): Illuminate\\Container\\Util::unwrapIfClosure()
#28 C:\\Users\\33772\\Documents\\Projet_PHP\\Back-end\\Voughtplus\\vendor\\laravel\\framework\\src\\Illuminate\\Container\\BoundMethod.php(35): Illuminate\\Container\\BoundMethod::callBoundMethod()
#29 C:\\Users\\33772\\Documents\\Projet_PHP\\Back-end\\Voughtplus\\vendor\\laravel\\framework\\src\\Illuminate\\Container\\Container.php(694): Illuminate\\Container\\BoundMethod::call()
#30 C:\\Users\\33772\\Documents\\Projet_PHP\\Back-end\\Voughtplus\\vendor\\laravel\\framework\\src\\Illuminate\\Console\\Command.php(213): Illuminate\\Container\\Container->call()
#31 C:\\Users\\33772\\Documents\\Projet_PHP\\Back-end\\Voughtplus\\vendor\\symfony\\console\\Command\\Command.php(279): Illuminate\\Console\\Command->execute()
#32 C:\\Users\\33772\\Documents\\Projet_PHP\\Back-end\\Voughtplus\\vendor\\laravel\\framework\\src\\Illuminate\\Console\\Command.php(182): Symfony\\Component\\Console\\Command\\Command->run()
#33 C:\\Users\\33772\\Documents\\Projet_PHP\\Back-end\\Voughtplus\\vendor\\symfony\\console\\Application.php(1094): Illuminate\\Console\\Command->run()
#34 C:\\Users\\33772\\Documents\\Projet_PHP\\Back-end\\Voughtplus\\vendor\\symfony\\console\\Application.php(342): Symfony\\Component\\Console\\Application->doRunCommand()
#35 C:\\Users\\33772\\Documents\\Projet_PHP\\Back-end\\Voughtplus\\vendor\\symfony\\console\\Application.php(193): Symfony\\Component\\Console\\Application->doRun()
#36 C:\\Users\\33772\\Documents\\Projet_PHP\\Back-end\\Voughtplus\\vendor\\laravel\\framework\\src\\Illuminate\\Foundation\\Console\\Kernel.php(198): Symfony\\Component\\Console\\Application->run()
#37 C:\\Users\\33772\\Documents\\Projet_PHP\\Back-end\\Voughtplus\\vendor\\laravel\\framework\\src\\Illuminate\\Foundation\\Application.php(1231): Illuminate\\Foundation\\Console\\Kernel->handle()
#38 C:\\Users\\33772\\Documents\\Projet_PHP\\Back-end\\Voughtplus\\artisan(13): Illuminate\\Foundation\\Application->handleCommand()
#39 {main}
"} 
[2025-02-07 13:28:53] local.ERROR: could not find driver (Connection: sqlite, SQL: PRAGMA foreign_keys = ON;) {"exception":"[object] (Illuminate\\Database\\QueryException(code: 0): could not find driver (Connection: sqlite, SQL: PRAGMA foreign_keys = ON;) at C:\\Users\\33772\\Documents\\Projet_PHP\\Back-end\\Voughtplus\\vendor\\laravel\\framework\\src\\Illuminate\\Database\\Connection.php:825)
[stacktrace]
#0 C:\\Users\\33772\\Documents\\Projet_PHP\\Back-end\\Voughtplus\\vendor\\laravel\\framework\\src\\Illuminate\\Database\\Connection.php(779): Illuminate\\Database\\Connection->runQueryCallback()
#1 C:\\Users\\33772\\Documents\\Projet_PHP\\Back-end\\Voughtplus\\vendor\\laravel\\framework\\src\\Illuminate\\Database\\Connection.php(560): Illuminate\\Database\\Connection->run()
#2 C:\\Users\\33772\\Documents\\Projet_PHP\\Back-end\\Voughtplus\\vendor\\laravel\\framework\\src\\Illuminate\\Database\\Schema\\Builder.php(522): Illuminate\\Database\\Connection->statement()
#3 C:\\Users\\33772\\Documents\\Projet_PHP\\Back-end\\Voughtplus\\vendor\\laravel\\framework\\src\\Illuminate\\Database\\SQLiteConnection.php(59): Illuminate\\Database\\Schema\\Builder->enableForeignKeyConstraints()
#4 C:\\Users\\33772\\Documents\\Projet_PHP\\Back-end\\Voughtplus\\vendor\\laravel\\framework\\src\\Illuminate\\Database\\SQLiteConnection.php(28): Illuminate\\Database\\SQLiteConnection->configureForeignKeyConstraints()
#5 C:\\Users\\33772\\Documents\\Projet_PHP\\Back-end\\Voughtplus\\vendor\\laravel\\framework\\src\\Illuminate\\Database\\Connectors\\ConnectionFactory.php(277): Illuminate\\Database\\SQLiteConnection->__construct()
#6 C:\\Users\\33772\\Documents\\Projet_PHP\\Back-end\\Voughtplus\\vendor\\laravel\\framework\\src\\Illuminate\\Database\\Connectors\\ConnectionFactory.php(76): Illuminate\\Database\\Connectors\\ConnectionFactory->createConnection()
#7 C:\\Users\\33772\\Documents\\Projet_PHP\\Back-end\\Voughtplus\\vendor\\laravel\\framework\\src\\Illuminate\\Database\\Connectors\\ConnectionFactory.php(51): Illuminate\\Database\\Connectors\\ConnectionFactory->createSingleConnection()
#8 C:\\Users\\33772\\Documents\\Projet_PHP\\Back-end\\Voughtplus\\vendor\\laravel\\framework\\src\\Illuminate\\Database\\DatabaseManager.php(207): Illuminate\\Database\\Connectors\\ConnectionFactory->make()
#9 C:\\Users\\33772\\Documents\\Projet_PHP\\Back-end\\Voughtplus\\vendor\\laravel\\framework\\src\\Illuminate\\Database\\DatabaseManager.php(103): Illuminate\\Database\\DatabaseManager->makeConnection()
#10 C:\\Users\\33772\\Documents\\Projet_PHP\\Back-end\\Voughtplus\\vendor\\laravel\\framework\\src\\Illuminate\\Database\\Migrations\\DatabaseMigrationRepository.php(226): Illuminate\\Database\\DatabaseManager->connection()
#11 C:\\Users\\33772\\Documents\\Projet_PHP\\Back-end\\Voughtplus\\vendor\\laravel\\framework\\src\\Illuminate\\Database\\Migrations\\DatabaseMigrationRepository.php(182): Illuminate\\Database\\Migrations\\DatabaseMigrationRepository->getConnection()
#12 C:\\Users\\33772\\Documents\\Projet_PHP\\Back-end\\Voughtplus\\vendor\\laravel\\framework\\src\\Illuminate\\Database\\Migrations\\Migrator.php(708): Illuminate\\Database\\Migrations\\DatabaseMigrationRepository->repositoryExists()
#13 C:\\Users\\33772\\Documents\\Projet_PHP\\Back-end\\Voughtplus\\vendor\\laravel\\framework\\src\\Illuminate\\Database\\Console\\Migrations\\MigrateCommand.php(165): Illuminate\\Database\\Migrations\\Migrator->repositoryExists()
#14 C:\\Users\\33772\\Documents\\Projet_PHP\\Back-end\\Voughtplus\\vendor\\laravel\\framework\\src\\Illuminate\\Support\\helpers.php(338): Illuminate\\Database\\Console\\Migrations\\MigrateCommand->{closure:Illuminate\\Database\\Console\\Migrations\\MigrateCommand::repositoryExists():165}()
#15 C:\\Users\\33772\\Documents\\Projet_PHP\\Back-end\\Voughtplus\\vendor\\laravel\\framework\\src\\Illuminate\\Database\\Console\\Migrations\\MigrateCommand.php(165): retry()
#16 C:\\Users\\33772\\Documents\\Projet_PHP\\Back-end\\Voughtplus\\vendor\\laravel\\framework\\src\\Illuminate\\Database\\Console\\Migrations\\MigrateCommand.php(141): Illuminate\\Database\\Console\\Migrations\\MigrateCommand->repositoryExists()
#17 C:\\Users\\33772\\Documents\\Projet_PHP\\Back-end\\Voughtplus\\vendor\\laravel\\framework\\src\\Illuminate\\Database\\Console\\Migrations\\MigrateCommand.php(111): Illuminate\\Database\\Console\\Migrations\\MigrateCommand->prepareDatabase()
#18 C:\\Users\\33772\\Documents\\Projet_PHP\\Back-end\\Voughtplus\\vendor\\laravel\\framework\\src\\Illuminate\\Database\\Migrations\\Migrator.php(624): Illuminate\\Database\\Console\\Migrations\\MigrateCommand->{closure:Illuminate\\Database\\Console\\Migrations\\MigrateCommand::runMigrations():110}()
#19 C:\\Users\\33772\\Documents\\Projet_PHP\\Back-end\\Voughtplus\\vendor\\laravel\\framework\\src\\Illuminate\\Database\\Console\\Migrations\\MigrateCommand.php(110): Illuminate\\Database\\Migrations\\Migrator->usingConnection()
#20 C:\\Users\\33772\\Documents\\Projet_PHP\\Back-end\\Voughtplus\\vendor\\laravel\\framework\\src\\Illuminate\\Database\\Console\\Migrations\\MigrateCommand.php(89): Illuminate\\Database\\Console\\Migrations\\MigrateCommand->runMigrations()
#21 C:\\Users\\33772\\Documents\\Projet_PHP\\Back-end\\Voughtplus\\vendor\\laravel\\framework\\src\\Illuminate\\Container\\BoundMethod.php(36): Illuminate\\Database\\Console\\Migrations\\MigrateCommand->handle()
#22 C:\\Users\\33772\\Documents\\Projet_PHP\\Back-end\\Voughtplus\\vendor\\laravel\\framework\\src\\Illuminate\\Container\\Util.php(43): Illuminate\\Container\\BoundMethod::{closure:Illuminate\\Container\\BoundMethod::call():35}()
#23 C:\\Users\\33772\\Documents\\Projet_PHP\\Back-end\\Voughtplus\\vendor\\laravel\\framework\\src\\Illuminate\\Container\\BoundMethod.php(95): Illuminate\\Container\\Util::unwrapIfClosure()
#24 C:\\Users\\33772\\Documents\\Projet_PHP\\Back-end\\Voughtplus\\vendor\\laravel\\framework\\src\\Illuminate\\Container\\BoundMethod.php(35): Illuminate\\Container\\BoundMethod::callBoundMethod()
#25 C:\\Users\\33772\\Documents\\Projet_PHP\\Back-end\\Voughtplus\\vendor\\laravel\\framework\\src\\Illuminate\\Container\\Container.php(694): Illuminate\\Container\\BoundMethod::call()
#26 C:\\Users\\33772\\Documents\\Projet_PHP\\Back-end\\Voughtplus\\vendor\\laravel\\framework\\src\\Illuminate\\Console\\Command.php(213): Illuminate\\Container\\Container->call()
#27 C:\\Users\\33772\\Documents\\Projet_PHP\\Back-end\\Voughtplus\\vendor\\symfony\\console\\Command\\Command.php(279): Illuminate\\Console\\Command->execute()
#28 C:\\Users\\33772\\Documents\\Projet_PHP\\Back-end\\Voughtplus\\vendor\\laravel\\framework\\src\\Illuminate\\Console\\Command.php(182): Symfony\\Component\\Console\\Command\\Command->run()
#29 C:\\Users\\33772\\Documents\\Projet_PHP\\Back-end\\Voughtplus\\vendor\\symfony\\console\\Application.php(1094): Illuminate\\Console\\Command->run()
#30 C:\\Users\\33772\\Documents\\Projet_PHP\\Back-end\\Voughtplus\\vendor\\symfony\\console\\Application.php(342): Symfony\\Component\\Console\\Application->doRunCommand()
#31 C:\\Users\\33772\\Documents\\Projet_PHP\\Back-end\\Voughtplus\\vendor\\symfony\\console\\Application.php(193): Symfony\\Component\\Console\\Application->doRun()
#32 C:\\Users\\33772\\Documents\\Projet_PHP\\Back-end\\Voughtplus\\vendor\\laravel\\framework\\src\\Illuminate\\Foundation\\Console\\Kernel.php(198): Symfony\\Component\\Console\\Application->run()
#33 C:\\Users\\33772\\Documents\\Projet_PHP\\Back-end\\Voughtplus\\vendor\\laravel\\framework\\src\\Illuminate\\Foundation\\Application.php(1231): Illuminate\\Foundation\\Console\\Kernel->handle()
#34 C:\\Users\\33772\\Documents\\Projet_PHP\\Back-end\\Voughtplus\\artisan(13): Illuminate\\Foundation\\Application->handleCommand()
#35 {main}

[previous exception] [object] (PDOException(code: 0): could not find driver at C:\\Users\\33772\\Documents\\Projet_PHP\\Back-end\\Voughtplus\\vendor\\laravel\\framework\\src\\Illuminate\\Database\\Connectors\\Connector.php:67)
[stacktrace]
#0 C:\\Users\\33772\\Documents\\Projet_PHP\\Back-end\\Voughtplus\\vendor\\laravel\\framework\\src\\Illuminate\\Database\\Connectors\\Connector.php(67): PDO::connect()
#1 C:\\Users\\33772\\Documents\\Projet_PHP\\Back-end\\Voughtplus\\vendor\\laravel\\framework\\src\\Illuminate\\Database\\Connectors\\Connector.php(44): Illuminate\\Database\\Connectors\\Connector->createPdoConnection()
#2 C:\\Users\\33772\\Documents\\Projet_PHP\\Back-end\\Voughtplus\\vendor\\laravel\\framework\\src\\Illuminate\\Database\\Connectors\\SQLiteConnector.php(40): Illuminate\\Database\\Connectors\\Connector->createConnection()
#3 C:\\Users\\33772\\Documents\\Projet_PHP\\Back-end\\Voughtplus\\vendor\\laravel\\framework\\src\\Illuminate\\Database\\Connectors\\ConnectionFactory.php(224): Illuminate\\Database\\Connectors\\SQLiteConnector->connect()
#4 [internal function]: Illuminate\\Database\\Connectors\\ConnectionFactory->{closure:Illuminate\\Database\\Connectors\\ConnectionFactory::createPdoResolverWithoutHosts():224}()
#5 C:\\Users\\33772\\Documents\\Projet_PHP\\Back-end\\Voughtplus\\vendor\\laravel\\framework\\src\\Illuminate\\Database\\Connection.php(1231): call_user_func()
#6 C:\\Users\\33772\\Documents\\Projet_PHP\\Back-end\\Voughtplus\\vendor\\laravel\\framework\\src\\Illuminate\\Database\\Connection.php(565): Illuminate\\Database\\Connection->getPdo()
#7 C:\\Users\\33772\\Documents\\Projet_PHP\\Back-end\\Voughtplus\\vendor\\laravel\\framework\\src\\Illuminate\\Database\\Connection.php(812): Illuminate\\Database\\Connection->{closure:Illuminate\\Database\\Connection::statement():560}()
#8 C:\\Users\\33772\\Documents\\Projet_PHP\\Back-end\\Voughtplus\\vendor\\laravel\\framework\\src\\Illuminate\\Database\\Connection.php(779): Illuminate\\Database\\Connection->runQueryCallback()
#9 C:\\Users\\33772\\Documents\\Projet_PHP\\Back-end\\Voughtplus\\vendor\\laravel\\framework\\src\\Illuminate\\Database\\Connection.php(560): Illuminate\\Database\\Connection->run()
#10 C:\\Users\\33772\\Documents\\Projet_PHP\\Back-end\\Voughtplus\\vendor\\laravel\\framework\\src\\Illuminate\\Database\\Schema\\Builder.php(522): Illuminate\\Database\\Connection->statement()
#11 C:\\Users\\33772\\Documents\\Projet_PHP\\Back-end\\Voughtplus\\vendor\\laravel\\framework\\src\\Illuminate\\Database\\SQLiteConnection.php(59): Illuminate\\Database\\Schema\\Builder->enableForeignKeyConstraints()
#12 C:\\Users\\33772\\Documents\\Projet_PHP\\Back-end\\Voughtplus\\vendor\\laravel\\framework\\src\\Illuminate\\Database\\SQLiteConnection.php(28): Illuminate\\Database\\SQLiteConnection->configureForeignKeyConstraints()
#13 C:\\Users\\33772\\Documents\\Projet_PHP\\Back-end\\Voughtplus\\vendor\\laravel\\framework\\src\\Illuminate\\Database\\Connectors\\ConnectionFactory.php(277): Illuminate\\Database\\SQLiteConnection->__construct()
#14 C:\\Users\\33772\\Documents\\Projet_PHP\\Back-end\\Voughtplus\\vendor\\laravel\\framework\\src\\Illuminate\\Database\\Connectors\\ConnectionFactory.php(76): Illuminate\\Database\\Connectors\\ConnectionFactory->createConnection()
#15 C:\\Users\\33772\\Documents\\Projet_PHP\\Back-end\\Voughtplus\\vendor\\laravel\\framework\\src\\Illuminate\\Database\\Connectors\\ConnectionFactory.php(51): Illuminate\\Database\\Connectors\\ConnectionFactory->createSingleConnection()
#16 C:\\Users\\33772\\Documents\\Projet_PHP\\Back-end\\Voughtplus\\vendor\\laravel\\framework\\src\\Illuminate\\Database\\DatabaseManager.php(207): Illuminate\\Database\\Connectors\\ConnectionFactory->make()
#17 C:\\Users\\33772\\Documents\\Projet_PHP\\Back-end\\Voughtplus\\vendor\\laravel\\framework\\src\\Illuminate\\Database\\DatabaseManager.php(103): Illuminate\\Database\\DatabaseManager->makeConnection()
#18 C:\\Users\\33772\\Documents\\Projet_PHP\\Back-end\\Voughtplus\\vendor\\laravel\\framework\\src\\Illuminate\\Database\\Migrations\\DatabaseMigrationRepository.php(226): Illuminate\\Database\\DatabaseManager->connection()
#19 C:\\Users\\33772\\Documents\\Projet_PHP\\Back-end\\Voughtplus\\vendor\\laravel\\framework\\src\\Illuminate\\Database\\Migrations\\DatabaseMigrationRepository.php(182): Illuminate\\Database\\Migrations\\DatabaseMigrationRepository->getConnection()
#20 C:\\Users\\33772\\Documents\\Projet_PHP\\Back-end\\Voughtplus\\vendor\\laravel\\framework\\src\\Illuminate\\Database\\Migrations\\Migrator.php(708): Illuminate\\Database\\Migrations\\DatabaseMigrationRepository->repositoryExists()
#21 C:\\Users\\33772\\Documents\\Projet_PHP\\Back-end\\Voughtplus\\vendor\\laravel\\framework\\src\\Illuminate\\Database\\Console\\Migrations\\MigrateCommand.php(165): Illuminate\\Database\\Migrations\\Migrator->repositoryExists()
#22 C:\\Users\\33772\\Documents\\Projet_PHP\\Back-end\\Voughtplus\\vendor\\laravel\\framework\\src\\Illuminate\\Support\\helpers.php(338): Illuminate\\Database\\Console\\Migrations\\MigrateCommand->{closure:Illuminate\\Database\\Console\\Migrations\\MigrateCommand::repositoryExists():165}()
#23 C:\\Users\\33772\\Documents\\Projet_PHP\\Back-end\\Voughtplus\\vendor\\laravel\\framework\\src\\Illuminate\\Database\\Console\\Migrations\\MigrateCommand.php(165): retry()
#24 C:\\Users\\33772\\Documents\\Projet_PHP\\Back-end\\Voughtplus\\vendor\\laravel\\framework\\src\\Illuminate\\Database\\Console\\Migrations\\MigrateCommand.php(141): Illuminate\\Database\\Console\\Migrations\\MigrateCommand->repositoryExists()
#25 C:\\Users\\33772\\Documents\\Projet_PHP\\Back-end\\Voughtplus\\vendor\\laravel\\framework\\src\\Illuminate\\Database\\Console\\Migrations\\MigrateCommand.php(111): Illuminate\\Database\\Console\\Migrations\\MigrateCommand->prepareDatabase()
#26 C:\\Users\\33772\\Documents\\Projet_PHP\\Back-end\\Voughtplus\\vendor\\laravel\\framework\\src\\Illuminate\\Database\\Migrations\\Migrator.php(624): Illuminate\\Database\\Console\\Migrations\\MigrateCommand->{closure:Illuminate\\Database\\Console\\Migrations\\MigrateCommand::runMigrations():110}()
#27 C:\\Users\\33772\\Documents\\Projet_PHP\\Back-end\\Voughtplus\\vendor\\laravel\\framework\\src\\Illuminate\\Database\\Console\\Migrations\\MigrateCommand.php(110): Illuminate\\Database\\Migrations\\Migrator->usingConnection()
#28 C:\\Users\\33772\\Documents\\Projet_PHP\\Back-end\\Voughtplus\\vendor\\laravel\\framework\\src\\Illuminate\\Database\\Console\\Migrations\\MigrateCommand.php(89): Illuminate\\Database\\Console\\Migrations\\MigrateCommand->runMigrations()
#29 C:\\Users\\33772\\Documents\\Projet_PHP\\Back-end\\Voughtplus\\vendor\\laravel\\framework\\src\\Illuminate\\Container\\BoundMethod.php(36): Illuminate\\Database\\Console\\Migrations\\MigrateCommand->handle()
#30 C:\\Users\\33772\\Documents\\Projet_PHP\\Back-end\\Voughtplus\\vendor\\laravel\\framework\\src\\Illuminate\\Container\\Util.php(43): Illuminate\\Container\\BoundMethod::{closure:Illuminate\\Container\\BoundMethod::call():35}()
#31 C:\\Users\\33772\\Documents\\Projet_PHP\\Back-end\\Voughtplus\\vendor\\laravel\\framework\\src\\Illuminate\\Container\\BoundMethod.php(95): Illuminate\\Container\\Util::unwrapIfClosure()
#32 C:\\Users\\33772\\Documents\\Projet_PHP\\Back-end\\Voughtplus\\vendor\\laravel\\framework\\src\\Illuminate\\Container\\BoundMethod.php(35): Illuminate\\Container\\BoundMethod::callBoundMethod()
#33 C:\\Users\\33772\\Documents\\Projet_PHP\\Back-end\\Voughtplus\\vendor\\laravel\\framework\\src\\Illuminate\\Container\\Container.php(694): Illuminate\\Container\\BoundMethod::call()
#34 C:\\Users\\33772\\Documents\\Projet_PHP\\Back-end\\Voughtplus\\vendor\\laravel\\framework\\src\\Illuminate\\Console\\Command.php(213): Illuminate\\Container\\Container->call()
#35 C:\\Users\\33772\\Documents\\Projet_PHP\\Back-end\\Voughtplus\\vendor\\symfony\\console\\Command\\Command.php(279): Illuminate\\Console\\Command->execute()
#36 C:\\Users\\33772\\Documents\\Projet_PHP\\Back-end\\Voughtplus\\vendor\\laravel\\framework\\src\\Illuminate\\Console\\Command.php(182): Symfony\\Component\\Console\\Command\\Command->run()
#37 C:\\Users\\33772\\Documents\\Projet_PHP\\Back-end\\Voughtplus\\vendor\\symfony\\console\\Application.php(1094): Illuminate\\Console\\Command->run()
#38 C:\\Users\\33772\\Documents\\Projet_PHP\\Back-end\\Voughtplus\\vendor\\symfony\\console\\Application.php(342): Symfony\\Component\\Console\\Application->doRunCommand()
#39 C:\\Users\\33772\\Documents\\Projet_PHP\\Back-end\\Voughtplus\\vendor\\symfony\\console\\Application.php(193): Symfony\\Component\\Console\\Application->doRun()
#40 C:\\Users\\33772\\Documents\\Projet_PHP\\Back-end\\Voughtplus\\vendor\\laravel\\framework\\src\\Illuminate\\Foundation\\Console\\Kernel.php(198): Symfony\\Component\\Console\\Application->run()
#41 C:\\Users\\33772\\Documents\\Projet_PHP\\Back-end\\Voughtplus\\vendor\\laravel\\framework\\src\\Illuminate\\Foundation\\Application.php(1231): Illuminate\\Foundation\\Console\\Kernel->handle()
#42 C:\\Users\\33772\\Documents\\Projet_PHP\\Back-end\\Voughtplus\\artisan(13): Illuminate\\Foundation\\Application->handleCommand()
#43 {main}
"} 
[2025-02-07 13:30:43] local.ERROR: could not find driver (Connection: sqlite, SQL: PRAGMA foreign_keys = ON;) {"exception":"[object] (Illuminate\\Database\\QueryException(code: 0): could not find driver (Connection: sqlite, SQL: PRAGMA foreign_keys = ON;) at C:\\Users\\33772\\Documents\\Projet_PHP\\Back-end\\Voughtplus\\vendor\\laravel\\framework\\src\\Illuminate\\Database\\Connection.php:825)
[stacktrace]
#0 C:\\Users\\33772\\Documents\\Projet_PHP\\Back-end\\Voughtplus\\vendor\\laravel\\framework\\src\\Illuminate\\Database\\Connection.php(779): Illuminate\\Database\\Connection->runQueryCallback()
#1 C:\\Users\\33772\\Documents\\Projet_PHP\\Back-end\\Voughtplus\\vendor\\laravel\\framework\\src\\Illuminate\\Database\\Connection.php(560): Illuminate\\Database\\Connection->run()
#2 C:\\Users\\33772\\Documents\\Projet_PHP\\Back-end\\Voughtplus\\vendor\\laravel\\framework\\src\\Illuminate\\Database\\Schema\\Builder.php(522): Illuminate\\Database\\Connection->statement()
#3 C:\\Users\\33772\\Documents\\Projet_PHP\\Back-end\\Voughtplus\\vendor\\laravel\\framework\\src\\Illuminate\\Database\\SQLiteConnection.php(59): Illuminate\\Database\\Schema\\Builder->enableForeignKeyConstraints()
#4 C:\\Users\\33772\\Documents\\Projet_PHP\\Back-end\\Voughtplus\\vendor\\laravel\\framework\\src\\Illuminate\\Database\\SQLiteConnection.php(28): Illuminate\\Database\\SQLiteConnection->configureForeignKeyConstraints()
#5 C:\\Users\\33772\\Documents\\Projet_PHP\\Back-end\\Voughtplus\\vendor\\laravel\\framework\\src\\Illuminate\\Database\\Connectors\\ConnectionFactory.php(277): Illuminate\\Database\\SQLiteConnection->__construct()
#6 C:\\Users\\33772\\Documents\\Projet_PHP\\Back-end\\Voughtplus\\vendor\\laravel\\framework\\src\\Illuminate\\Database\\Connectors\\ConnectionFactory.php(76): Illuminate\\Database\\Connectors\\ConnectionFactory->createConnection()
#7 C:\\Users\\33772\\Documents\\Projet_PHP\\Back-end\\Voughtplus\\vendor\\laravel\\framework\\src\\Illuminate\\Database\\Connectors\\ConnectionFactory.php(51): Illuminate\\Database\\Connectors\\ConnectionFactory->createSingleConnection()
#8 C:\\Users\\33772\\Documents\\Projet_PHP\\Back-end\\Voughtplus\\vendor\\laravel\\framework\\src\\Illuminate\\Database\\DatabaseManager.php(207): Illuminate\\Database\\Connectors\\ConnectionFactory->make()
#9 C:\\Users\\33772\\Documents\\Projet_PHP\\Back-end\\Voughtplus\\vendor\\laravel\\framework\\src\\Illuminate\\Database\\DatabaseManager.php(103): Illuminate\\Database\\DatabaseManager->makeConnection()
#10 C:\\Users\\33772\\Documents\\Projet_PHP\\Back-end\\Voughtplus\\vendor\\laravel\\framework\\src\\Illuminate\\Database\\Migrations\\DatabaseMigrationRepository.php(226): Illuminate\\Database\\DatabaseManager->connection()
#11 C:\\Users\\33772\\Documents\\Projet_PHP\\Back-end\\Voughtplus\\vendor\\laravel\\framework\\src\\Illuminate\\Database\\Migrations\\DatabaseMigrationRepository.php(182): Illuminate\\Database\\Migrations\\DatabaseMigrationRepository->getConnection()
#12 C:\\Users\\33772\\Documents\\Projet_PHP\\Back-end\\Voughtplus\\vendor\\laravel\\framework\\src\\Illuminate\\Database\\Migrations\\Migrator.php(708): Illuminate\\Database\\Migrations\\DatabaseMigrationRepository->repositoryExists()
#13 C:\\Users\\33772\\Documents\\Projet_PHP\\Back-end\\Voughtplus\\vendor\\laravel\\framework\\src\\Illuminate\\Database\\Console\\Migrations\\MigrateCommand.php(165): Illuminate\\Database\\Migrations\\Migrator->repositoryExists()
#14 C:\\Users\\33772\\Documents\\Projet_PHP\\Back-end\\Voughtplus\\vendor\\laravel\\framework\\src\\Illuminate\\Support\\helpers.php(338): Illuminate\\Database\\Console\\Migrations\\MigrateCommand->{closure:Illuminate\\Database\\Console\\Migrations\\MigrateCommand::repositoryExists():165}()
#15 C:\\Users\\33772\\Documents\\Projet_PHP\\Back-end\\Voughtplus\\vendor\\laravel\\framework\\src\\Illuminate\\Database\\Console\\Migrations\\MigrateCommand.php(165): retry()
#16 C:\\Users\\33772\\Documents\\Projet_PHP\\Back-end\\Voughtplus\\vendor\\laravel\\framework\\src\\Illuminate\\Database\\Console\\Migrations\\MigrateCommand.php(141): Illuminate\\Database\\Console\\Migrations\\MigrateCommand->repositoryExists()
#17 C:\\Users\\33772\\Documents\\Projet_PHP\\Back-end\\Voughtplus\\vendor\\laravel\\framework\\src\\Illuminate\\Database\\Console\\Migrations\\MigrateCommand.php(111): Illuminate\\Database\\Console\\Migrations\\MigrateCommand->prepareDatabase()
#18 C:\\Users\\33772\\Documents\\Projet_PHP\\Back-end\\Voughtplus\\vendor\\laravel\\framework\\src\\Illuminate\\Database\\Migrations\\Migrator.php(624): Illuminate\\Database\\Console\\Migrations\\MigrateCommand->{closure:Illuminate\\Database\\Console\\Migrations\\MigrateCommand::runMigrations():110}()
#19 C:\\Users\\33772\\Documents\\Projet_PHP\\Back-end\\Voughtplus\\vendor\\laravel\\framework\\src\\Illuminate\\Database\\Console\\Migrations\\MigrateCommand.php(110): Illuminate\\Database\\Migrations\\Migrator->usingConnection()
#20 C:\\Users\\33772\\Documents\\Projet_PHP\\Back-end\\Voughtplus\\vendor\\laravel\\framework\\src\\Illuminate\\Database\\Console\\Migrations\\MigrateCommand.php(89): Illuminate\\Database\\Console\\Migrations\\MigrateCommand->runMigrations()
#21 C:\\Users\\33772\\Documents\\Projet_PHP\\Back-end\\Voughtplus\\vendor\\laravel\\framework\\src\\Illuminate\\Container\\BoundMethod.php(36): Illuminate\\Database\\Console\\Migrations\\MigrateCommand->handle()
#22 C:\\Users\\33772\\Documents\\Projet_PHP\\Back-end\\Voughtplus\\vendor\\laravel\\framework\\src\\Illuminate\\Container\\Util.php(43): Illuminate\\Container\\BoundMethod::{closure:Illuminate\\Container\\BoundMethod::call():35}()
#23 C:\\Users\\33772\\Documents\\Projet_PHP\\Back-end\\Voughtplus\\vendor\\laravel\\framework\\src\\Illuminate\\Container\\BoundMethod.php(95): Illuminate\\Container\\Util::unwrapIfClosure()
#24 C:\\Users\\33772\\Documents\\Projet_PHP\\Back-end\\Voughtplus\\vendor\\laravel\\framework\\src\\Illuminate\\Container\\BoundMethod.php(35): Illuminate\\Container\\BoundMethod::callBoundMethod()
#25 C:\\Users\\33772\\Documents\\Projet_PHP\\Back-end\\Voughtplus\\vendor\\laravel\\framework\\src\\Illuminate\\Container\\Container.php(694): Illuminate\\Container\\BoundMethod::call()
#26 C:\\Users\\33772\\Documents\\Projet_PHP\\Back-end\\Voughtplus\\vendor\\laravel\\framework\\src\\Illuminate\\Console\\Command.php(213): Illuminate\\Container\\Container->call()
#27 C:\\Users\\33772\\Documents\\Projet_PHP\\Back-end\\Voughtplus\\vendor\\symfony\\console\\Command\\Command.php(279): Illuminate\\Console\\Command->execute()
#28 C:\\Users\\33772\\Documents\\Projet_PHP\\Back-end\\Voughtplus\\vendor\\laravel\\framework\\src\\Illuminate\\Console\\Command.php(182): Symfony\\Component\\Console\\Command\\Command->run()
#29 C:\\Users\\33772\\Documents\\Projet_PHP\\Back-end\\Voughtplus\\vendor\\symfony\\console\\Application.php(1094): Illuminate\\Console\\Command->run()
#30 C:\\Users\\33772\\Documents\\Projet_PHP\\Back-end\\Voughtplus\\vendor\\symfony\\console\\Application.php(342): Symfony\\Component\\Console\\Application->doRunCommand()
#31 C:\\Users\\33772\\Documents\\Projet_PHP\\Back-end\\Voughtplus\\vendor\\symfony\\console\\Application.php(193): Symfony\\Component\\Console\\Application->doRun()
#32 C:\\Users\\33772\\Documents\\Projet_PHP\\Back-end\\Voughtplus\\vendor\\laravel\\framework\\src\\Illuminate\\Foundation\\Console\\Kernel.php(198): Symfony\\Component\\Console\\Application->run()
#33 C:\\Users\\33772\\Documents\\Projet_PHP\\Back-end\\Voughtplus\\vendor\\laravel\\framework\\src\\Illuminate\\Foundation\\Application.php(1231): Illuminate\\Foundation\\Console\\Kernel->handle()
#34 C:\\Users\\33772\\Documents\\Projet_PHP\\Back-end\\Voughtplus\\artisan(13): Illuminate\\Foundation\\Application->handleCommand()
#35 {main}

[previous exception] [object] (PDOException(code: 0): could not find driver at C:\\Users\\33772\\Documents\\Projet_PHP\\Back-end\\Voughtplus\\vendor\\laravel\\framework\\src\\Illuminate\\Database\\Connectors\\Connector.php:67)
[stacktrace]
#0 C:\\Users\\33772\\Documents\\Projet_PHP\\Back-end\\Voughtplus\\vendor\\laravel\\framework\\src\\Illuminate\\Database\\Connectors\\Connector.php(67): PDO::connect()
#1 C:\\Users\\33772\\Documents\\Projet_PHP\\Back-end\\Voughtplus\\vendor\\laravel\\framework\\src\\Illuminate\\Database\\Connectors\\Connector.php(44): Illuminate\\Database\\Connectors\\Connector->createPdoConnection()
#2 C:\\Users\\33772\\Documents\\Projet_PHP\\Back-end\\Voughtplus\\vendor\\laravel\\framework\\src\\Illuminate\\Database\\Connectors\\SQLiteConnector.php(40): Illuminate\\Database\\Connectors\\Connector->createConnection()
#3 C:\\Users\\33772\\Documents\\Projet_PHP\\Back-end\\Voughtplus\\vendor\\laravel\\framework\\src\\Illuminate\\Database\\Connectors\\ConnectionFactory.php(224): Illuminate\\Database\\Connectors\\SQLiteConnector->connect()
#4 [internal function]: Illuminate\\Database\\Connectors\\ConnectionFactory->{closure:Illuminate\\Database\\Connectors\\ConnectionFactory::createPdoResolverWithoutHosts():224}()
#5 C:\\Users\\33772\\Documents\\Projet_PHP\\Back-end\\Voughtplus\\vendor\\laravel\\framework\\src\\Illuminate\\Database\\Connection.php(1231): call_user_func()
#6 C:\\Users\\33772\\Documents\\Projet_PHP\\Back-end\\Voughtplus\\vendor\\laravel\\framework\\src\\Illuminate\\Database\\Connection.php(565): Illuminate\\Database\\Connection->getPdo()
#7 C:\\Users\\33772\\Documents\\Projet_PHP\\Back-end\\Voughtplus\\vendor\\laravel\\framework\\src\\Illuminate\\Database\\Connection.php(812): Illuminate\\Database\\Connection->{closure:Illuminate\\Database\\Connection::statement():560}()
#8 C:\\Users\\33772\\Documents\\Projet_PHP\\Back-end\\Voughtplus\\vendor\\laravel\\framework\\src\\Illuminate\\Database\\Connection.php(779): Illuminate\\Database\\Connection->runQueryCallback()
#9 C:\\Users\\33772\\Documents\\Projet_PHP\\Back-end\\Voughtplus\\vendor\\laravel\\framework\\src\\Illuminate\\Database\\Connection.php(560): Illuminate\\Database\\Connection->run()
#10 C:\\Users\\33772\\Documents\\Projet_PHP\\Back-end\\Voughtplus\\vendor\\laravel\\framework\\src\\Illuminate\\Database\\Schema\\Builder.php(522): Illuminate\\Database\\Connection->statement()
#11 C:\\Users\\33772\\Documents\\Projet_PHP\\Back-end\\Voughtplus\\vendor\\laravel\\framework\\src\\Illuminate\\Database\\SQLiteConnection.php(59): Illuminate\\Database\\Schema\\Builder->enableForeignKeyConstraints()
#12 C:\\Users\\33772\\Documents\\Projet_PHP\\Back-end\\Voughtplus\\vendor\\laravel\\framework\\src\\Illuminate\\Database\\SQLiteConnection.php(28): Illuminate\\Database\\SQLiteConnection->configureForeignKeyConstraints()
#13 C:\\Users\\33772\\Documents\\Projet_PHP\\Back-end\\Voughtplus\\vendor\\laravel\\framework\\src\\Illuminate\\Database\\Connectors\\ConnectionFactory.php(277): Illuminate\\Database\\SQLiteConnection->__construct()
#14 C:\\Users\\33772\\Documents\\Projet_PHP\\Back-end\\Voughtplus\\vendor\\laravel\\framework\\src\\Illuminate\\Database\\Connectors\\ConnectionFactory.php(76): Illuminate\\Database\\Connectors\\ConnectionFactory->createConnection()
#15 C:\\Users\\33772\\Documents\\Projet_PHP\\Back-end\\Voughtplus\\vendor\\laravel\\framework\\src\\Illuminate\\Database\\Connectors\\ConnectionFactory.php(51): Illuminate\\Database\\Connectors\\ConnectionFactory->createSingleConnection()
#16 C:\\Users\\33772\\Documents\\Projet_PHP\\Back-end\\Voughtplus\\vendor\\laravel\\framework\\src\\Illuminate\\Database\\DatabaseManager.php(207): Illuminate\\Database\\Connectors\\ConnectionFactory->make()
#17 C:\\Users\\33772\\Documents\\Projet_PHP\\Back-end\\Voughtplus\\vendor\\laravel\\framework\\src\\Illuminate\\Database\\DatabaseManager.php(103): Illuminate\\Database\\DatabaseManager->makeConnection()
#18 C:\\Users\\33772\\Documents\\Projet_PHP\\Back-end\\Voughtplus\\vendor\\laravel\\framework\\src\\Illuminate\\Database\\Migrations\\DatabaseMigrationRepository.php(226): Illuminate\\Database\\DatabaseManager->connection()
#19 C:\\Users\\33772\\Documents\\Projet_PHP\\Back-end\\Voughtplus\\vendor\\laravel\\framework\\src\\Illuminate\\Database\\Migrations\\DatabaseMigrationRepository.php(182): Illuminate\\Database\\Migrations\\DatabaseMigrationRepository->getConnection()
#20 C:\\Users\\33772\\Documents\\Projet_PHP\\Back-end\\Voughtplus\\vendor\\laravel\\framework\\src\\Illuminate\\Database\\Migrations\\Migrator.php(708): Illuminate\\Database\\Migrations\\DatabaseMigrationRepository->repositoryExists()
#21 C:\\Users\\33772\\Documents\\Projet_PHP\\Back-end\\Voughtplus\\vendor\\laravel\\framework\\src\\Illuminate\\Database\\Console\\Migrations\\MigrateCommand.php(165): Illuminate\\Database\\Migrations\\Migrator->repositoryExists()
#22 C:\\Users\\33772\\Documents\\Projet_PHP\\Back-end\\Voughtplus\\vendor\\laravel\\framework\\src\\Illuminate\\Support\\helpers.php(338): Illuminate\\Database\\Console\\Migrations\\MigrateCommand->{closure:Illuminate\\Database\\Console\\Migrations\\MigrateCommand::repositoryExists():165}()
#23 C:\\Users\\33772\\Documents\\Projet_PHP\\Back-end\\Voughtplus\\vendor\\laravel\\framework\\src\\Illuminate\\Database\\Console\\Migrations\\MigrateCommand.php(165): retry()
#24 C:\\Users\\33772\\Documents\\Projet_PHP\\Back-end\\Voughtplus\\vendor\\laravel\\framework\\src\\Illuminate\\Database\\Console\\Migrations\\MigrateCommand.php(141): Illuminate\\Database\\Console\\Migrations\\MigrateCommand->repositoryExists()
#25 C:\\Users\\33772\\Documents\\Projet_PHP\\Back-end\\Voughtplus\\vendor\\laravel\\framework\\src\\Illuminate\\Database\\Console\\Migrations\\MigrateCommand.php(111): Illuminate\\Database\\Console\\Migrations\\MigrateCommand->prepareDatabase()
#26 C:\\Users\\33772\\Documents\\Projet_PHP\\Back-end\\Voughtplus\\vendor\\laravel\\framework\\src\\Illuminate\\Database\\Migrations\\Migrator.php(624): Illuminate\\Database\\Console\\Migrations\\MigrateCommand->{closure:Illuminate\\Database\\Console\\Migrations\\MigrateCommand::runMigrations():110}()
#27 C:\\Users\\33772\\Documents\\Projet_PHP\\Back-end\\Voughtplus\\vendor\\laravel\\framework\\src\\Illuminate\\Database\\Console\\Migrations\\MigrateCommand.php(110): Illuminate\\Database\\Migrations\\Migrator->usingConnection()
#28 C:\\Users\\33772\\Documents\\Projet_PHP\\Back-end\\Voughtplus\\vendor\\laravel\\framework\\src\\Illuminate\\Database\\Console\\Migrations\\MigrateCommand.php(89): Illuminate\\Database\\Console\\Migrations\\MigrateCommand->runMigrations()
#29 C:\\Users\\33772\\Documents\\Projet_PHP\\Back-end\\Voughtplus\\vendor\\laravel\\framework\\src\\Illuminate\\Container\\BoundMethod.php(36): Illuminate\\Database\\Console\\Migrations\\MigrateCommand->handle()
#30 C:\\Users\\33772\\Documents\\Projet_PHP\\Back-end\\Voughtplus\\vendor\\laravel\\framework\\src\\Illuminate\\Container\\Util.php(43): Illuminate\\Container\\BoundMethod::{closure:Illuminate\\Container\\BoundMethod::call():35}()
#31 C:\\Users\\33772\\Documents\\Projet_PHP\\Back-end\\Voughtplus\\vendor\\laravel\\framework\\src\\Illuminate\\Container\\BoundMethod.php(95): Illuminate\\Container\\Util::unwrapIfClosure()
#32 C:\\Users\\33772\\Documents\\Projet_PHP\\Back-end\\Voughtplus\\vendor\\laravel\\framework\\src\\Illuminate\\Container\\BoundMethod.php(35): Illuminate\\Container\\BoundMethod::callBoundMethod()
#33 C:\\Users\\33772\\Documents\\Projet_PHP\\Back-end\\Voughtplus\\vendor\\laravel\\framework\\src\\Illuminate\\Container\\Container.php(694): Illuminate\\Container\\BoundMethod::call()
#34 C:\\Users\\33772\\Documents\\Projet_PHP\\Back-end\\Voughtplus\\vendor\\laravel\\framework\\src\\Illuminate\\Console\\Command.php(213): Illuminate\\Container\\Container->call()
#35 C:\\Users\\33772\\Documents\\Projet_PHP\\Back-end\\Voughtplus\\vendor\\symfony\\console\\Command\\Command.php(279): Illuminate\\Console\\Command->execute()
#36 C:\\Users\\33772\\Documents\\Projet_PHP\\Back-end\\Voughtplus\\vendor\\laravel\\framework\\src\\Illuminate\\Console\\Command.php(182): Symfony\\Component\\Console\\Command\\Command->run()
#37 C:\\Users\\33772\\Documents\\Projet_PHP\\Back-end\\Voughtplus\\vendor\\symfony\\console\\Application.php(1094): Illuminate\\Console\\Command->run()
#38 C:\\Users\\33772\\Documents\\Projet_PHP\\Back-end\\Voughtplus\\vendor\\symfony\\console\\Application.php(342): Symfony\\Component\\Console\\Application->doRunCommand()
#39 C:\\Users\\33772\\Documents\\Projet_PHP\\Back-end\\Voughtplus\\vendor\\symfony\\console\\Application.php(193): Symfony\\Component\\Console\\Application->doRun()
#40 C:\\Users\\33772\\Documents\\Projet_PHP\\Back-end\\Voughtplus\\vendor\\laravel\\framework\\src\\Illuminate\\Foundation\\Console\\Kernel.php(198): Symfony\\Component\\Console\\Application->run()
#41 C:\\Users\\33772\\Documents\\Projet_PHP\\Back-end\\Voughtplus\\vendor\\laravel\\framework\\src\\Illuminate\\Foundation\\Application.php(1231): Illuminate\\Foundation\\Console\\Kernel->handle()
#42 C:\\Users\\33772\\Documents\\Projet_PHP\\Back-end\\Voughtplus\\artisan(13): Illuminate\\Foundation\\Application->handleCommand()
#43 {main}
"} 
[2025-02-07 14:21:28] local.ERROR: SQLSTATE[HY000]: General error: 1 table "heroes_gadgets" has more than one primary key (Connection: sqlite, SQL: create table "heroes_gadgets" ("idHeroes" integer primary key autoincrement not null, "idGadgets" integer primary key autoincrement not null)) {"exception":"[object] (Illuminate\\Database\\QueryException(code: HY000): SQLSTATE[HY000]: General error: 1 table \"heroes_gadgets\" has more than one primary key (Connection: sqlite, SQL: create table \"heroes_gadgets\" (\"idHeroes\" integer primary key autoincrement not null, \"idGadgets\" integer primary key autoincrement not null)) at C:\\Users\\33772\\Documents\\Projet_PHP\\Back-end\\Voughtplus\\vendor\\laravel\\framework\\src\\Illuminate\\Database\\Connection.php:825)
[stacktrace]
#0 C:\\Users\\33772\\Documents\\Projet_PHP\\Back-end\\Voughtplus\\vendor\\laravel\\framework\\src\\Illuminate\\Database\\Connection.php(779): Illuminate\\Database\\Connection->runQueryCallback()
#1 C:\\Users\\33772\\Documents\\Projet_PHP\\Back-end\\Voughtplus\\vendor\\laravel\\framework\\src\\Illuminate\\Database\\Connection.php(560): Illuminate\\Database\\Connection->run()
#2 C:\\Users\\33772\\Documents\\Projet_PHP\\Back-end\\Voughtplus\\vendor\\laravel\\framework\\src\\Illuminate\\Database\\Schema\\Blueprint.php(118): Illuminate\\Database\\Connection->statement()
#3 C:\\Users\\33772\\Documents\\Projet_PHP\\Back-end\\Voughtplus\\vendor\\laravel\\framework\\src\\Illuminate\\Database\\Schema\\Builder.php(564): Illuminate\\Database\\Schema\\Blueprint->build()
#4 C:\\Users\\33772\\Documents\\Projet_PHP\\Back-end\\Voughtplus\\vendor\\laravel\\framework\\src\\Illuminate\\Database\\Schema\\Builder.php(418): Illuminate\\Database\\Schema\\Builder->build()
#5 C:\\Users\\33772\\Documents\\Projet_PHP\\Back-end\\Voughtplus\\vendor\\laravel\\framework\\src\\Illuminate\\Support\\Facades\\Facade.php(361): Illuminate\\Database\\Schema\\Builder->create()
#6 C:\\Users\\33772\\Documents\\Projet_PHP\\Back-end\\Voughtplus\\database\\migrations\\2025_02_07_142011_create_heroes_gadgets_table.php(14): Illuminate\\Support\\Facades\\Facade::__callStatic()
#7 C:\\Users\\33772\\Documents\\Projet_PHP\\Back-end\\Voughtplus\\vendor\\laravel\\framework\\src\\Illuminate\\Database\\Migrations\\Migrator.php(484): Illuminate\\Database\\Migrations\\Migration@anonymous->up()
#8 C:\\Users\\33772\\Documents\\Projet_PHP\\Back-end\\Voughtplus\\vendor\\laravel\\framework\\src\\Illuminate\\Database\\Migrations\\Migrator.php(409): Illuminate\\Database\\Migrations\\Migrator->runMethod()
#9 C:\\Users\\33772\\Documents\\Projet_PHP\\Back-end\\Voughtplus\\vendor\\laravel\\framework\\src\\Illuminate\\Database\\Migrations\\Migrator.php(418): Illuminate\\Database\\Migrations\\Migrator->{closure:Illuminate\\Database\\Migrations\\Migrator::runMigration():405}()
#10 C:\\Users\\33772\\Documents\\Projet_PHP\\Back-end\\Voughtplus\\vendor\\laravel\\framework\\src\\Illuminate\\Database\\Migrations\\Migrator.php(221): Illuminate\\Database\\Migrations\\Migrator->runMigration()
#11 C:\\Users\\33772\\Documents\\Projet_PHP\\Back-end\\Voughtplus\\vendor\\laravel\\framework\\src\\Illuminate\\Console\\View\\Components\\Task.php(40): Illuminate\\Database\\Migrations\\Migrator->{closure:Illuminate\\Database\\Migrations\\Migrator::runUp():221}()
#12 C:\\Users\\33772\\Documents\\Projet_PHP\\Back-end\\Voughtplus\\vendor\\laravel\\framework\\src\\Illuminate\\Database\\Migrations\\Migrator.php(764): Illuminate\\Console\\View\\Components\\Task->render()
#13 C:\\Users\\33772\\Documents\\Projet_PHP\\Back-end\\Voughtplus\\vendor\\laravel\\framework\\src\\Illuminate\\Database\\Migrations\\Migrator.php(221): Illuminate\\Database\\Migrations\\Migrator->write()
#14 C:\\Users\\33772\\Documents\\Projet_PHP\\Back-end\\Voughtplus\\vendor\\laravel\\framework\\src\\Illuminate\\Database\\Migrations\\Migrator.php(188): Illuminate\\Database\\Migrations\\Migrator->runUp()
#15 C:\\Users\\33772\\Documents\\Projet_PHP\\Back-end\\Voughtplus\\vendor\\laravel\\framework\\src\\Illuminate\\Database\\Migrations\\Migrator.php(131): Illuminate\\Database\\Migrations\\Migrator->runPending()
#16 C:\\Users\\33772\\Documents\\Projet_PHP\\Back-end\\Voughtplus\\vendor\\laravel\\framework\\src\\Illuminate\\Database\\Console\\Migrations\\MigrateCommand.php(117): Illuminate\\Database\\Migrations\\Migrator->run()
#17 C:\\Users\\33772\\Documents\\Projet_PHP\\Back-end\\Voughtplus\\vendor\\laravel\\framework\\src\\Illuminate\\Database\\Migrations\\Migrator.php(624): Illuminate\\Database\\Console\\Migrations\\MigrateCommand->{closure:Illuminate\\Database\\Console\\Migrations\\MigrateCommand::runMigrations():110}()
#18 C:\\Users\\33772\\Documents\\Projet_PHP\\Back-end\\Voughtplus\\vendor\\laravel\\framework\\src\\Illuminate\\Database\\Console\\Migrations\\MigrateCommand.php(110): Illuminate\\Database\\Migrations\\Migrator->usingConnection()
#19 C:\\Users\\33772\\Documents\\Projet_PHP\\Back-end\\Voughtplus\\vendor\\laravel\\framework\\src\\Illuminate\\Database\\Console\\Migrations\\MigrateCommand.php(89): Illuminate\\Database\\Console\\Migrations\\MigrateCommand->runMigrations()
#20 C:\\Users\\33772\\Documents\\Projet_PHP\\Back-end\\Voughtplus\\vendor\\laravel\\framework\\src\\Illuminate\\Container\\BoundMethod.php(36): Illuminate\\Database\\Console\\Migrations\\MigrateCommand->handle()
#21 C:\\Users\\33772\\Documents\\Projet_PHP\\Back-end\\Voughtplus\\vendor\\laravel\\framework\\src\\Illuminate\\Container\\Util.php(43): Illuminate\\Container\\BoundMethod::{closure:Illuminate\\Container\\BoundMethod::call():35}()
#22 C:\\Users\\33772\\Documents\\Projet_PHP\\Back-end\\Voughtplus\\vendor\\laravel\\framework\\src\\Illuminate\\Container\\BoundMethod.php(95): Illuminate\\Container\\Util::unwrapIfClosure()
#23 C:\\Users\\33772\\Documents\\Projet_PHP\\Back-end\\Voughtplus\\vendor\\laravel\\framework\\src\\Illuminate\\Container\\BoundMethod.php(35): Illuminate\\Container\\BoundMethod::callBoundMethod()
#24 C:\\Users\\33772\\Documents\\Projet_PHP\\Back-end\\Voughtplus\\vendor\\laravel\\framework\\src\\Illuminate\\Container\\Container.php(694): Illuminate\\Container\\BoundMethod::call()
#25 C:\\Users\\33772\\Documents\\Projet_PHP\\Back-end\\Voughtplus\\vendor\\laravel\\framework\\src\\Illuminate\\Console\\Command.php(213): Illuminate\\Container\\Container->call()
#26 C:\\Users\\33772\\Documents\\Projet_PHP\\Back-end\\Voughtplus\\vendor\\symfony\\console\\Command\\Command.php(279): Illuminate\\Console\\Command->execute()
#27 C:\\Users\\33772\\Documents\\Projet_PHP\\Back-end\\Voughtplus\\vendor\\laravel\\framework\\src\\Illuminate\\Console\\Command.php(182): Symfony\\Component\\Console\\Command\\Command->run()
#28 C:\\Users\\33772\\Documents\\Projet_PHP\\Back-end\\Voughtplus\\vendor\\symfony\\console\\Application.php(1094): Illuminate\\Console\\Command->run()
#29 C:\\Users\\33772\\Documents\\Projet_PHP\\Back-end\\Voughtplus\\vendor\\symfony\\console\\Application.php(342): Symfony\\Component\\Console\\Application->doRunCommand()
#30 C:\\Users\\33772\\Documents\\Projet_PHP\\Back-end\\Voughtplus\\vendor\\symfony\\console\\Application.php(193): Symfony\\Component\\Console\\Application->doRun()
#31 C:\\Users\\33772\\Documents\\Projet_PHP\\Back-end\\Voughtplus\\vendor\\laravel\\framework\\src\\Illuminate\\Foundation\\Console\\Kernel.php(198): Symfony\\Component\\Console\\Application->run()
#32 C:\\Users\\33772\\Documents\\Projet_PHP\\Back-end\\Voughtplus\\vendor\\laravel\\framework\\src\\Illuminate\\Foundation\\Application.php(1231): Illuminate\\Foundation\\Console\\Kernel->handle()
#33 C:\\Users\\33772\\Documents\\Projet_PHP\\Back-end\\Voughtplus\\artisan(13): Illuminate\\Foundation\\Application->handleCommand()
#34 {main}

[previous exception] [object] (PDOException(code: HY000): SQLSTATE[HY000]: General error: 1 table \"heroes_gadgets\" has more than one primary key at C:\\Users\\33772\\Documents\\Projet_PHP\\Back-end\\Voughtplus\\vendor\\laravel\\framework\\src\\Illuminate\\Database\\Connection.php:565)
[stacktrace]
#0 C:\\Users\\33772\\Documents\\Projet_PHP\\Back-end\\Voughtplus\\vendor\\laravel\\framework\\src\\Illuminate\\Database\\Connection.php(565): PDO->prepare()
#1 C:\\Users\\33772\\Documents\\Projet_PHP\\Back-end\\Voughtplus\\vendor\\laravel\\framework\\src\\Illuminate\\Database\\Connection.php(812): Illuminate\\Database\\Connection->{closure:Illuminate\\Database\\Connection::statement():560}()
#2 C:\\Users\\33772\\Documents\\Projet_PHP\\Back-end\\Voughtplus\\vendor\\laravel\\framework\\src\\Illuminate\\Database\\Connection.php(779): Illuminate\\Database\\Connection->runQueryCallback()
#3 C:\\Users\\33772\\Documents\\Projet_PHP\\Back-end\\Voughtplus\\vendor\\laravel\\framework\\src\\Illuminate\\Database\\Connection.php(560): Illuminate\\Database\\Connection->run()
#4 C:\\Users\\33772\\Documents\\Projet_PHP\\Back-end\\Voughtplus\\vendor\\laravel\\framework\\src\\Illuminate\\Database\\Schema\\Blueprint.php(118): Illuminate\\Database\\Connection->statement()
#5 C:\\Users\\33772\\Documents\\Projet_PHP\\Back-end\\Voughtplus\\vendor\\laravel\\framework\\src\\Illuminate\\Database\\Schema\\Builder.php(564): Illuminate\\Database\\Schema\\Blueprint->build()
#6 C:\\Users\\33772\\Documents\\Projet_PHP\\Back-end\\Voughtplus\\vendor\\laravel\\framework\\src\\Illuminate\\Database\\Schema\\Builder.php(418): Illuminate\\Database\\Schema\\Builder->build()
#7 C:\\Users\\33772\\Documents\\Projet_PHP\\Back-end\\Voughtplus\\vendor\\laravel\\framework\\src\\Illuminate\\Support\\Facades\\Facade.php(361): Illuminate\\Database\\Schema\\Builder->create()
#8 C:\\Users\\33772\\Documents\\Projet_PHP\\Back-end\\Voughtplus\\database\\migrations\\2025_02_07_142011_create_heroes_gadgets_table.php(14): Illuminate\\Support\\Facades\\Facade::__callStatic()
#9 C:\\Users\\33772\\Documents\\Projet_PHP\\Back-end\\Voughtplus\\vendor\\laravel\\framework\\src\\Illuminate\\Database\\Migrations\\Migrator.php(484): Illuminate\\Database\\Migrations\\Migration@anonymous->up()
#10 C:\\Users\\33772\\Documents\\Projet_PHP\\Back-end\\Voughtplus\\vendor\\laravel\\framework\\src\\Illuminate\\Database\\Migrations\\Migrator.php(409): Illuminate\\Database\\Migrations\\Migrator->runMethod()
#11 C:\\Users\\33772\\Documents\\Projet_PHP\\Back-end\\Voughtplus\\vendor\\laravel\\framework\\src\\Illuminate\\Database\\Migrations\\Migrator.php(418): Illuminate\\Database\\Migrations\\Migrator->{closure:Illuminate\\Database\\Migrations\\Migrator::runMigration():405}()
#12 C:\\Users\\33772\\Documents\\Projet_PHP\\Back-end\\Voughtplus\\vendor\\laravel\\framework\\src\\Illuminate\\Database\\Migrations\\Migrator.php(221): Illuminate\\Database\\Migrations\\Migrator->runMigration()
#13 C:\\Users\\33772\\Documents\\Projet_PHP\\Back-end\\Voughtplus\\vendor\\laravel\\framework\\src\\Illuminate\\Console\\View\\Components\\Task.php(40): Illuminate\\Database\\Migrations\\Migrator->{closure:Illuminate\\Database\\Migrations\\Migrator::runUp():221}()
#14 C:\\Users\\33772\\Documents\\Projet_PHP\\Back-end\\Voughtplus\\vendor\\laravel\\framework\\src\\Illuminate\\Database\\Migrations\\Migrator.php(764): Illuminate\\Console\\View\\Components\\Task->render()
#15 C:\\Users\\33772\\Documents\\Projet_PHP\\Back-end\\Voughtplus\\vendor\\laravel\\framework\\src\\Illuminate\\Database\\Migrations\\Migrator.php(221): Illuminate\\Database\\Migrations\\Migrator->write()
#16 C:\\Users\\33772\\Documents\\Projet_PHP\\Back-end\\Voughtplus\\vendor\\laravel\\framework\\src\\Illuminate\\Database\\Migrations\\Migrator.php(188): Illuminate\\Database\\Migrations\\Migrator->runUp()
#17 C:\\Users\\33772\\Documents\\Projet_PHP\\Back-end\\Voughtplus\\vendor\\laravel\\framework\\src\\Illuminate\\Database\\Migrations\\Migrator.php(131): Illuminate\\Database\\Migrations\\Migrator->runPending()
#18 C:\\Users\\33772\\Documents\\Projet_PHP\\Back-end\\Voughtplus\\vendor\\laravel\\framework\\src\\Illuminate\\Database\\Console\\Migrations\\MigrateCommand.php(117): Illuminate\\Database\\Migrations\\Migrator->run()
#19 C:\\Users\\33772\\Documents\\Projet_PHP\\Back-end\\Voughtplus\\vendor\\laravel\\framework\\src\\Illuminate\\Database\\Migrations\\Migrator.php(624): Illuminate\\Database\\Console\\Migrations\\MigrateCommand->{closure:Illuminate\\Database\\Console\\Migrations\\MigrateCommand::runMigrations():110}()
#20 C:\\Users\\33772\\Documents\\Projet_PHP\\Back-end\\Voughtplus\\vendor\\laravel\\framework\\src\\Illuminate\\Database\\Console\\Migrations\\MigrateCommand.php(110): Illuminate\\Database\\Migrations\\Migrator->usingConnection()
#21 C:\\Users\\33772\\Documents\\Projet_PHP\\Back-end\\Voughtplus\\vendor\\laravel\\framework\\src\\Illuminate\\Database\\Console\\Migrations\\MigrateCommand.php(89): Illuminate\\Database\\Console\\Migrations\\MigrateCommand->runMigrations()
#22 C:\\Users\\33772\\Documents\\Projet_PHP\\Back-end\\Voughtplus\\vendor\\laravel\\framework\\src\\Illuminate\\Container\\BoundMethod.php(36): Illuminate\\Database\\Console\\Migrations\\MigrateCommand->handle()
#23 C:\\Users\\33772\\Documents\\Projet_PHP\\Back-end\\Voughtplus\\vendor\\laravel\\framework\\src\\Illuminate\\Container\\Util.php(43): Illuminate\\Container\\BoundMethod::{closure:Illuminate\\Container\\BoundMethod::call():35}()
#24 C:\\Users\\33772\\Documents\\Projet_PHP\\Back-end\\Voughtplus\\vendor\\laravel\\framework\\src\\Illuminate\\Container\\BoundMethod.php(95): Illuminate\\Container\\Util::unwrapIfClosure()
#25 C:\\Users\\33772\\Documents\\Projet_PHP\\Back-end\\Voughtplus\\vendor\\laravel\\framework\\src\\Illuminate\\Container\\BoundMethod.php(35): Illuminate\\Container\\BoundMethod::callBoundMethod()
#26 C:\\Users\\33772\\Documents\\Projet_PHP\\Back-end\\Voughtplus\\vendor\\laravel\\framework\\src\\Illuminate\\Container\\Container.php(694): Illuminate\\Container\\BoundMethod::call()
#27 C:\\Users\\33772\\Documents\\Projet_PHP\\Back-end\\Voughtplus\\vendor\\laravel\\framework\\src\\Illuminate\\Console\\Command.php(213): Illuminate\\Container\\Container->call()
#28 C:\\Users\\33772\\Documents\\Projet_PHP\\Back-end\\Voughtplus\\vendor\\symfony\\console\\Command\\Command.php(279): Illuminate\\Console\\Command->execute()
#29 C:\\Users\\33772\\Documents\\Projet_PHP\\Back-end\\Voughtplus\\vendor\\laravel\\framework\\src\\Illuminate\\Console\\Command.php(182): Symfony\\Component\\Console\\Command\\Command->run()
#30 C:\\Users\\33772\\Documents\\Projet_PHP\\Back-end\\Voughtplus\\vendor\\symfony\\console\\Application.php(1094): Illuminate\\Console\\Command->run()
#31 C:\\Users\\33772\\Documents\\Projet_PHP\\Back-end\\Voughtplus\\vendor\\symfony\\console\\Application.php(342): Symfony\\Component\\Console\\Application->doRunCommand()
#32 C:\\Users\\33772\\Documents\\Projet_PHP\\Back-end\\Voughtplus\\vendor\\symfony\\console\\Application.php(193): Symfony\\Component\\Console\\Application->doRun()
#33 C:\\Users\\33772\\Documents\\Projet_PHP\\Back-end\\Voughtplus\\vendor\\laravel\\framework\\src\\Illuminate\\Foundation\\Console\\Kernel.php(198): Symfony\\Component\\Console\\Application->run()
#34 C:\\Users\\33772\\Documents\\Projet_PHP\\Back-end\\Voughtplus\\vendor\\laravel\\framework\\src\\Illuminate\\Foundation\\Application.php(1231): Illuminate\\Foundation\\Console\\Kernel->handle()
#35 C:\\Users\\33772\\Documents\\Projet_PHP\\Back-end\\Voughtplus\\artisan(13): Illuminate\\Foundation\\Application->handleCommand()
#36 {main}
"} 
